<?xml version="1.0" encoding="UTF-8"?>
<!-- Generated by org.testng.reporters.JUnitXMLReporter -->
<testsuite hostname="IITC-WS-NB37" failures="1" tests="2" name="Validating title in the Page" time="20.79" errors="0" timestamp="3 Jan 2021 03:56:37 GMT">
  <testcase classname="com.squaretrade.tests.ValidateHeaderandFooter" name="validateAppTitle" time="7.463"/>
  <testcase classname="com.squaretrade.tests.ValidateHeaderandFooter" name="validatefooter" time="0.023">
    <failure type="java.lang.AssertionError" message="expected [2020  Synchronoss. All rights Reserved] but found [©  2021  Synchronoss. All rights Reserved
Terms of service
Privacy Policy
FAQ
Cookies]">
      <![CDATA[java.lang.AssertionError: expected [2020  Synchronoss. All rights Reserved] but found [©  2021  Synchronoss. All rights Reserved
Terms of service
Privacy Policy
FAQ
Cookies]
	at com.squaretrade.tests.ValidateHeaderandFooter.validatefooter(ValidateHeaderandFooter.java:55)
	at org.apache.maven.surefire.testng.TestNGExecutor.run(TestNGExecutor.java:283)
	at org.apache.maven.surefire.testng.TestNGXmlTestSuite.execute(TestNGXmlTestSuite.java:75)
	at org.apache.maven.surefire.testng.TestNGProvider.invoke(TestNGProvider.java:120)
	at org.apache.maven.surefire.booter.ForkedBooter.invokeProviderInSameClassLoader(ForkedBooter.java:386)
	at org.apache.maven.surefire.booter.ForkedBooter.runSuitesInProcess(ForkedBooter.java:323)
	at org.apache.maven.surefire.booter.ForkedBooter.main(ForkedBooter.java:143)
... Removed 26 stack frames]]>
    </failure>
  </testcase> <!-- validatefooter -->
</testsuite> <!-- Validating title in the Page -->
