<?xml version="1.0" encoding="UTF-8"?>
<testng-results total="4" passed="2" failed="2" skipped="0">
  <reporter-output>
  </reporter-output>
  <suite started-at="2021-01-03T03:54:18Z" name="Suite" finished-at="2021-01-03T03:56:37Z" duration-ms="139509">
    <groups>
    </groups>
    <test started-at="2021-01-03T03:54:18Z" name="Validating invalid User login" finished-at="2021-01-03T03:55:21Z" duration-ms="63772">
      <class name="com.squaretrade.tests.SignininvalidTests">
        <test-method is-config="true" signature="initialize()[pri:0, instance:com.squaretrade.tests.SignininvalidTests@51684e4a]" started-at="2021-01-03T09:24:18Z" name="initialize" finished-at="2021-01-03T09:24:27Z" duration-ms="9415" status="PASS">
          <reporter-output>
          </reporter-output>
        </test-method> <!-- initialize -->
        <test-method signature="baseGoogleInvalidTest(java.lang.String, java.lang.String, java.lang.String)[pri:0, instance:com.squaretrade.tests.SignininvalidTests@51684e4a]" started-at="2021-01-03T09:24:27Z" name="baseGoogleInvalidTest" data-provider="getData" finished-at="2021-01-03T09:25:17Z" duration-ms="49671" status="FAIL">
          <params>
            <param index="0">
              <value>
                <![CDATA[twettest1@gmail.com]]>
              </value>
            </param>
            <param index="1">
              <value>
                <![CDATA[userdemo1212]]>
              </value>
            </param>
            <param index="2">
              <value>
                <![CDATA[Googleinvalid User]]>
              </value>
            </param>
          </params>
          <exception class="org.openqa.selenium.NoSuchElementException">
            <message>
              <![CDATA[no such element: Unable to locate element: {"method":"xpath","selector":"//button[text()='Try Again']"}
  (Session info: chrome=80.0.3987.116)
For documentation on this error, please visit: https://www.seleniumhq.org/exceptions/no_such_element.html
Build info: version: '3.141.59', revision: 'e82be7d358', time: '2018-11-14T08:17:03'
System info: host: 'IITC-WS-NB37', ip: '192.168.29.127', os.name: 'Windows 10', os.arch: 'amd64', os.version: '10.0', java.version: '11.0.6'
Driver info: org.openqa.selenium.chrome.ChromeDriver
Capabilities {acceptInsecureCerts: false, browserName: chrome, browserVersion: 80.0.3987.116, chrome: {chromedriverVersion: 80.0.3987.16 (320f6526c1632..., userDataDir: C:\Users\MAYUR~1.CHO\AppDat...}, goog:chromeOptions: {debuggerAddress: localhost:62625}, javascriptEnabled: true, networkConnectionEnabled: false, pageLoadStrategy: normal, platform: WINDOWS, platformName: WINDOWS, proxy: Proxy(), setWindowRect: true, strictFileInteractability: false, timeouts: {implicit: 0, pageLoad: 300000, script: 30000}, unhandledPromptBehavior: dismiss and notify}
Session ID: ecfb4c4030f62c7b37c1f1e65ce71e72
*** Element info: {Using=xpath, value=//button[text()='Try Again']}]]>
            </message>
            <full-stacktrace>
              <![CDATA[org.openqa.selenium.NoSuchElementException: no such element: Unable to locate element: {"method":"xpath","selector":"//button[text()='Try Again']"}
  (Session info: chrome=80.0.3987.116)
For documentation on this error, please visit: https://www.seleniumhq.org/exceptions/no_such_element.html
Build info: version: '3.141.59', revision: 'e82be7d358', time: '2018-11-14T08:17:03'
System info: host: 'IITC-WS-NB37', ip: '192.168.29.127', os.name: 'Windows 10', os.arch: 'amd64', os.version: '10.0', java.version: '11.0.6'
Driver info: org.openqa.selenium.chrome.ChromeDriver
Capabilities {acceptInsecureCerts: false, browserName: chrome, browserVersion: 80.0.3987.116, chrome: {chromedriverVersion: 80.0.3987.16 (320f6526c1632..., userDataDir: C:\Users\MAYUR~1.CHO\AppDat...}, goog:chromeOptions: {debuggerAddress: localhost:62625}, javascriptEnabled: true, networkConnectionEnabled: false, pageLoadStrategy: normal, platform: WINDOWS, platformName: WINDOWS, proxy: Proxy(), setWindowRect: true, strictFileInteractability: false, timeouts: {implicit: 0, pageLoad: 300000, script: 30000}, unhandledPromptBehavior: dismiss and notify}
Session ID: ecfb4c4030f62c7b37c1f1e65ce71e72
*** Element info: {Using=xpath, value=//button[text()='Try Again']}
	at java.base/jdk.internal.reflect.NativeConstructorAccessorImpl.newInstance0(Native Method)
	at java.base/jdk.internal.reflect.NativeConstructorAccessorImpl.newInstance(NativeConstructorAccessorImpl.java:62)
	at java.base/jdk.internal.reflect.DelegatingConstructorAccessorImpl.newInstance(DelegatingConstructorAccessorImpl.java:45)
	at java.base/java.lang.reflect.Constructor.newInstance(Constructor.java:490)
	at org.openqa.selenium.remote.http.W3CHttpResponseCodec.createException(W3CHttpResponseCodec.java:187)
	at org.openqa.selenium.remote.http.W3CHttpResponseCodec.decode(W3CHttpResponseCodec.java:122)
	at org.openqa.selenium.remote.http.W3CHttpResponseCodec.decode(W3CHttpResponseCodec.java:49)
	at org.openqa.selenium.remote.HttpCommandExecutor.execute(HttpCommandExecutor.java:158)
	at org.openqa.selenium.remote.service.DriverCommandExecutor.execute(DriverCommandExecutor.java:83)
	at org.openqa.selenium.remote.RemoteWebDriver.execute(RemoteWebDriver.java:552)
	at org.openqa.selenium.remote.RemoteWebDriver.findElement(RemoteWebDriver.java:323)
	at org.openqa.selenium.remote.RemoteWebDriver.findElementByXPath(RemoteWebDriver.java:428)
	at org.openqa.selenium.By$ByXPath.findElement(By.java:353)
	at org.openqa.selenium.remote.RemoteWebDriver.findElement(RemoteWebDriver.java:315)
	at pageObjects.LoginPage.gettryagain(LoginPage.java:62)
	at com.squaretrade.tests.SignininvalidTests.baseGoogleInvalidTest(SignininvalidTests.java:56)
	at java.base/jdk.internal.reflect.NativeMethodAccessorImpl.invoke0(Native Method)
	at java.base/jdk.internal.reflect.NativeMethodAccessorImpl.invoke(NativeMethodAccessorImpl.java:62)
	at java.base/jdk.internal.reflect.DelegatingMethodAccessorImpl.invoke(DelegatingMethodAccessorImpl.java:43)
	at java.base/java.lang.reflect.Method.invoke(Method.java:566)
	at org.testng.internal.MethodInvocationHelper.invokeMethod(MethodInvocationHelper.java:80)
	at org.testng.internal.Invoker.invokeMethod(Invoker.java:714)
	at org.testng.internal.Invoker.invokeTestMethod(Invoker.java:901)
	at org.testng.internal.Invoker.invokeTestMethods(Invoker.java:1231)
	at org.testng.internal.TestMethodWorker.invokeTestMethods(TestMethodWorker.java:127)
	at org.testng.internal.TestMethodWorker.run(TestMethodWorker.java:111)
	at org.testng.TestRunner.privateRun(TestRunner.java:767)
	at org.testng.TestRunner.run(TestRunner.java:617)
	at org.testng.SuiteRunner.runTest(SuiteRunner.java:334)
	at org.testng.SuiteRunner.runSequentially(SuiteRunner.java:329)
	at org.testng.SuiteRunner.privateRun(SuiteRunner.java:291)
	at org.testng.SuiteRunner.run(SuiteRunner.java:240)
	at org.testng.SuiteRunnerWorker.runSuite(SuiteRunnerWorker.java:52)
	at org.testng.SuiteRunnerWorker.run(SuiteRunnerWorker.java:86)
	at org.testng.TestNG.runSuitesSequentially(TestNG.java:1198)
	at org.testng.TestNG.runSuitesLocally(TestNG.java:1123)
	at org.testng.TestNG.run(TestNG.java:1031)
	at org.apache.maven.surefire.testng.TestNGExecutor.run(TestNGExecutor.java:283)
	at org.apache.maven.surefire.testng.TestNGXmlTestSuite.execute(TestNGXmlTestSuite.java:75)
	at org.apache.maven.surefire.testng.TestNGProvider.invoke(TestNGProvider.java:120)
	at org.apache.maven.surefire.booter.ForkedBooter.invokeProviderInSameClassLoader(ForkedBooter.java:386)
	at org.apache.maven.surefire.booter.ForkedBooter.runSuitesInProcess(ForkedBooter.java:323)
	at org.apache.maven.surefire.booter.ForkedBooter.main(ForkedBooter.java:143)
]]>
            </full-stacktrace>
          </exception> <!-- org.openqa.selenium.NoSuchElementException -->
          <reporter-output>
          </reporter-output>
        </test-method> <!-- baseGoogleInvalidTest -->
        <test-method is-config="true" signature="teardown()[pri:0, instance:com.squaretrade.tests.SignininvalidTests@51684e4a]" started-at="2021-01-03T09:25:17Z" name="teardown" finished-at="2021-01-03T09:25:21Z" duration-ms="4319" status="PASS">
          <reporter-output>
          </reporter-output>
        </test-method> <!-- teardown -->
      </class> <!-- com.squaretrade.tests.SignininvalidTests -->
    </test> <!-- Validating invalid User login -->
    <test started-at="2021-01-03T03:55:22Z" name="Validating User login" finished-at="2021-01-03T03:56:16Z" duration-ms="54699">
      <class name="com.squaretrade.tests.SigninTests">
        <test-method is-config="true" signature="initialize()[pri:0, instance:com.squaretrade.tests.SigninTests@27f9e982]" started-at="2021-01-03T09:25:22Z" name="initialize" finished-at="2021-01-03T09:25:31Z" duration-ms="9191" status="PASS">
          <reporter-output>
          </reporter-output>
        </test-method> <!-- initialize -->
        <test-method signature="baseGoogleValidTest(java.lang.String, java.lang.String, java.lang.String)[pri:0, instance:com.squaretrade.tests.SigninTests@27f9e982]" started-at="2021-01-03T09:25:31Z" name="baseGoogleValidTest" data-provider="getData" finished-at="2021-01-03T09:26:12Z" duration-ms="41187" status="PASS">
          <params>
            <param index="0">
              <value>
                <![CDATA[tweettest14@gmail.com]]>
              </value>
            </param>
            <param index="1">
              <value>
                <![CDATA[userdemo1212]]>
              </value>
            </param>
            <param index="2">
              <value>
                <![CDATA[GooglevalidUser]]>
              </value>
            </param>
          </params>
          <reporter-output>
          </reporter-output>
        </test-method> <!-- baseGoogleValidTest -->
        <test-method is-config="true" signature="teardown()[pri:0, instance:com.squaretrade.tests.SigninTests@27f9e982]" started-at="2021-01-03T09:26:12Z" name="teardown" finished-at="2021-01-03T09:26:16Z" duration-ms="4320" status="PASS">
          <reporter-output>
          </reporter-output>
        </test-method> <!-- teardown -->
      </class> <!-- com.squaretrade.tests.SigninTests -->
    </test> <!-- Validating User login -->
    <test started-at="2021-01-03T03:56:16Z" name="Validating title in the Page" finished-at="2021-01-03T03:56:37Z" duration-ms="20790">
      <class name="com.squaretrade.tests.ValidateHeaderandFooter">
        <test-method is-config="true" signature="initialize()[pri:0, instance:com.squaretrade.tests.ValidateHeaderandFooter@46cf05f7]" started-at="2021-01-03T09:26:16Z" name="initialize" finished-at="2021-01-03T09:26:29Z" duration-ms="12820" status="PASS">
          <reporter-output>
          </reporter-output>
        </test-method> <!-- initialize -->
        <test-method signature="validateAppTitle()[pri:0, instance:com.squaretrade.tests.ValidateHeaderandFooter@46cf05f7]" started-at="2021-01-03T09:26:29Z" name="validateAppTitle" finished-at="2021-01-03T09:26:37Z" duration-ms="7463" status="PASS">
          <reporter-output>
          </reporter-output>
        </test-method> <!-- validateAppTitle -->
        <test-method signature="validatefooter()[pri:0, instance:com.squaretrade.tests.ValidateHeaderandFooter@46cf05f7]" started-at="2021-01-03T09:26:37Z" name="validatefooter" finished-at="2021-01-03T09:26:37Z" duration-ms="23" status="FAIL">
          <exception class="java.lang.AssertionError">
            <message>
              <![CDATA[expected [2020  Synchronoss. All rights Reserved] but found [©  2021  Synchronoss. All rights Reserved
Terms of service
Privacy Policy
FAQ
Cookies]]]>
            </message>
            <full-stacktrace>
              <![CDATA[java.lang.AssertionError: expected [2020  Synchronoss. All rights Reserved] but found [©  2021  Synchronoss. All rights Reserved
Terms of service
Privacy Policy
FAQ
Cookies]
	at org.testng.Assert.fail(Assert.java:94)
	at org.testng.Assert.failNotEquals(Assert.java:494)
	at org.testng.Assert.assertEquals(Assert.java:123)
	at org.testng.Assert.assertEquals(Assert.java:176)
	at org.testng.Assert.assertEquals(Assert.java:186)
	at com.squaretrade.tests.ValidateHeaderandFooter.validatefooter(ValidateHeaderandFooter.java:55)
	at java.base/jdk.internal.reflect.NativeMethodAccessorImpl.invoke0(Native Method)
	at java.base/jdk.internal.reflect.NativeMethodAccessorImpl.invoke(NativeMethodAccessorImpl.java:62)
	at java.base/jdk.internal.reflect.DelegatingMethodAccessorImpl.invoke(DelegatingMethodAccessorImpl.java:43)
	at java.base/java.lang.reflect.Method.invoke(Method.java:566)
	at org.testng.internal.MethodInvocationHelper.invokeMethod(MethodInvocationHelper.java:80)
	at org.testng.internal.Invoker.invokeMethod(Invoker.java:714)
	at org.testng.internal.Invoker.invokeTestMethod(Invoker.java:901)
	at org.testng.internal.Invoker.invokeTestMethods(Invoker.java:1231)
	at org.testng.internal.TestMethodWorker.invokeTestMethods(TestMethodWorker.java:127)
	at org.testng.internal.TestMethodWorker.run(TestMethodWorker.java:111)
	at org.testng.TestRunner.privateRun(TestRunner.java:767)
	at org.testng.TestRunner.run(TestRunner.java:617)
	at org.testng.SuiteRunner.runTest(SuiteRunner.java:334)
	at org.testng.SuiteRunner.runSequentially(SuiteRunner.java:329)
	at org.testng.SuiteRunner.privateRun(SuiteRunner.java:291)
	at org.testng.SuiteRunner.run(SuiteRunner.java:240)
	at org.testng.SuiteRunnerWorker.runSuite(SuiteRunnerWorker.java:52)
	at org.testng.SuiteRunnerWorker.run(SuiteRunnerWorker.java:86)
	at org.testng.TestNG.runSuitesSequentially(TestNG.java:1198)
	at org.testng.TestNG.runSuitesLocally(TestNG.java:1123)
	at org.testng.TestNG.run(TestNG.java:1031)
	at org.apache.maven.surefire.testng.TestNGExecutor.run(TestNGExecutor.java:283)
	at org.apache.maven.surefire.testng.TestNGXmlTestSuite.execute(TestNGXmlTestSuite.java:75)
	at org.apache.maven.surefire.testng.TestNGProvider.invoke(TestNGProvider.java:120)
	at org.apache.maven.surefire.booter.ForkedBooter.invokeProviderInSameClassLoader(ForkedBooter.java:386)
	at org.apache.maven.surefire.booter.ForkedBooter.runSuitesInProcess(ForkedBooter.java:323)
	at org.apache.maven.surefire.booter.ForkedBooter.main(ForkedBooter.java:143)
]]>
            </full-stacktrace>
          </exception> <!-- java.lang.AssertionError -->
          <reporter-output>
          </reporter-output>
        </test-method> <!-- validatefooter -->
        <test-method is-config="true" signature="teardown()[pri:0, instance:com.squaretrade.tests.ValidateHeaderandFooter@46cf05f7]" started-at="2021-01-03T09:26:37Z" name="teardown" finished-at="2021-01-03T09:26:37Z" duration-ms="149" status="PASS">
          <reporter-output>
          </reporter-output>
        </test-method> <!-- teardown -->
      </class> <!-- com.squaretrade.tests.ValidateHeaderandFooter -->
    </test> <!-- Validating title in the Page -->
  </suite> <!-- Suite -->
</testng-results>
